<?xml version="1.0" encoding="UTF-8"?>
<!-- Generated by org.testng.reporters.JUnitXMLReporter -->
<testsuite ignored="0" hostname="PKL-JFAROOQ-LT" failures="0" tests="3" name="Test" time="0.047" errors="0" timestamp="2020-05-23T00:51:38 PKT">
  <testcase classname="MavenProject.SampleMaven.AppiumTest" name="Appium_Function" time="0.008"/>
  <testcase classname="MavenProject.SampleMaven.RestAssuredTest" name="API_Function" time="0.001"/>
  <testcase classname="MavenProject.SampleMaven.SeleniumTest" name="Selenium_Function" time="0.0"/>
</testsuite> <!-- Test -->
