<?xml version="1.0" encoding="UTF-8"?>
<testng-results ignored="0" total="3" passed="3" failed="0" skipped="0">
  <reporter-output>
  </reporter-output>
  <suite started-at="2020-05-23T00:51:38 PKT" name="Suite" finished-at="2020-05-23T00:51:38 PKT" duration-ms="47">
    <groups>
    </groups>
    <test started-at="2020-05-23T00:51:38 PKT" name="Test" finished-at="2020-05-23T00:51:38 PKT" duration-ms="47">
      <class name="MavenProject.SampleMaven.RestAssuredTest">
        <test-method signature="API_Function()[pri:0, instance:MavenProject.SampleMaven.RestAssuredTest@327b636c]" started-at="2020-05-23T00:51:38 PKT" name="API_Function" finished-at="2020-05-23T00:51:38 PKT" duration-ms="1" status="PASS">
          <reporter-output>
          </reporter-output>
        </test-method> <!-- API_Function -->
      </class> <!-- MavenProject.SampleMaven.RestAssuredTest -->
      <class name="MavenProject.SampleMaven.AppiumTest">
        <test-method signature="Appium_Function()[pri:0, instance:MavenProject.SampleMaven.AppiumTest@6ab7a896]" started-at="2020-05-23T00:51:38 PKT" name="Appium_Function" finished-at="2020-05-23T00:51:38 PKT" duration-ms="8" status="PASS">
          <reporter-output>
          </reporter-output>
        </test-method> <!-- Appium_Function -->
      </class> <!-- MavenProject.SampleMaven.AppiumTest -->
      <class name="MavenProject.SampleMaven.SeleniumTest">
        <test-method signature="Selenium_Function()[pri:0, instance:MavenProject.SampleMaven.SeleniumTest@45dd4eda]" started-at="2020-05-23T00:51:38 PKT" name="Selenium_Function" finished-at="2020-05-23T00:51:38 PKT" duration-ms="0" status="PASS">
          <reporter-output>
          </reporter-output>
        </test-method> <!-- Selenium_Function -->
      </class> <!-- MavenProject.SampleMaven.SeleniumTest -->
    </test> <!-- Test -->
  </suite> <!-- Suite -->
</testng-results>
